<?xml version="1.0" encoding="UTF-8"?>
<!-- Generated by org.testng.reporters.JUnitXMLReporter -->
<testsuite ignored="0" hostname="DESKTOP-RC1L530" failures="0" tests="3" name="Default test" time="435.816" errors="0" timestamp="2025-06-19T16:58:14 IST">
  <testcase classname="OrganizationModel.OrgScenariosTest$OrganizationScenariosTest" name="CreateOrganization_IndustryAndType" time="103.255"/>
  <testcase classname="OrganizationModel.OrgScenariosTest$OrganizationScenariosTest" name="createOrg" time="84.418"/>
  <testcase classname="OrganizationModel.OrgScenariosTest$OrganizationScenariosTest" name="createOrganizationWithPhoneNumber" time="61.849"/>
</testsuite> <!-- Default test -->
