<?xml version="1.0" encoding="UTF-8"?>
<!-- Generated by org.testng.reporters.JUnitXMLReporter -->
<testsuite ignored="4" hostname="DESKTOP-RC1L530" failures="0" tests="6" name="Test" time="241.822" errors="0" timestamp="2025-06-19T17:07:14 IST">
  <testcase classname="OrganizationModel.OrgScenariosTest$OrganizationScenariosTest" name="CreateOrganization_IndustryAndType" time="30.398"/>
  <testcase classname="OrganizationModel.OrgScenariosTest$OrganizationScenariosTest" name="createOrg" time="24.81"/>
  <testcase classname="OrganizationModel.OrgScenariosTest$OrganizationScenariosTest" name="createOrganizationWithPhoneNumber" time="20.506"/>
  <testcase classname="ContactsModels.ContactScenariosTest" name="CreateContact_WithOrganization" time="57.224"/>
  <testcase classname="ContactsModels.ContactScenariosTest" name="createContWithDate" time="20.236"/>
  <testcase classname="ContactsModels.ContactScenariosTest" name="create_ContTest" time="21.243"/>
  <testcase classname="BaseClassUtility.BaseClass" name="@AfterTest closeParallelExe" time="0.0">
    <ignored/>
  </testcase> <!-- @AfterTest closeParallelExe -->
  <testcase classname="BaseClassUtility.BaseClass" name="@AfterSuite closetheConnWithDB" time="0.0">
    <ignored/>
  </testcase> <!-- @AfterSuite closetheConnWithDB -->
  <testcase classname="BaseClassUtility.BaseClass" name="@BeforeSuite connectionWithDB" time="0.0">
    <ignored/>
  </testcase> <!-- @BeforeSuite connectionWithDB -->
  <testcase classname="BaseClassUtility.BaseClass" name="@BeforeTest configParallelExe" time="0.0">
    <ignored/>
  </testcase> <!-- @BeforeTest configParallelExe -->
</testsuite> <!-- Test -->
