<?xml version="1.0" encoding="UTF-8"?>
<!-- Generated by org.testng.reporters.JUnitXMLReporter -->
<testsuite ignored="0" hostname="DESKTOP-RC1L530" failures="0" tests="3" name="Test_2" time="0.418" errors="0" timestamp="2025-06-19T12:22:02 IST">
  <testcase classname="ContactsModels.ContactScenariosTest" name="createConWithSupportDate" time="0.001">
    <skipped/>
  </testcase> <!-- createConWithSupportDate -->
  <testcase classname="ContactsModels.ContactScenariosTest" name="createContact" time="0.0">
    <skipped/>
  </testcase> <!-- createContact -->
  <testcase classname="ContactsModels.ContactScenariosTest" name="createContactwithOrg" time="0.0">
    <skipped/>
  </testcase> <!-- createContactwithOrg -->
</testsuite> <!-- Test_2 -->
