<?xml version="1.0" encoding="UTF-8"?>
<testng-results ignored="0" total="6" passed="6" failed="0" skipped="0">
  <reporter-output>
    <line>
      <![CDATA[Connected with the database]]>
    </line>
    <line>
      <![CDATA[Configure Parallel Exe]]>
    </line>
    <line>
      <![CDATA[Launch the browser]]>
    </line>
    <line>
      <![CDATA[Navigated and logged in]]>
    </line>
    <line>
      <![CDATA[logout]]>
    </line>
    <line>
      <![CDATA[Navigated and logged in]]>
    </line>
    <line>
      <![CDATA[logout]]>
    </line>
    <line>
      <![CDATA[Navigated and logged in]]>
    </line>
    <line>
      <![CDATA[logout]]>
    </line>
    <line>
      <![CDATA[Close the browser]]>
    </line>
    <line>
      <![CDATA[Launch the browser]]>
    </line>
    <line>
      <![CDATA[Navigated and logged in]]>
    </line>
    <line>
      <![CDATA[logout]]>
    </line>
    <line>
      <![CDATA[Navigated and logged in]]>
    </line>
    <line>
      <![CDATA[logout]]>
    </line>
    <line>
      <![CDATA[Navigated and logged in]]>
    </line>
    <line>
      <![CDATA[logout]]>
    </line>
    <line>
      <![CDATA[Close the browser]]>
    </line>
    <line>
      <![CDATA[Close the parallel Exe]]>
    </line>
    <line>
      <![CDATA[Disconnected with the Database]]>
    </line>
  </reporter-output>
  <suite started-at="2025-06-19T17:03:12 IST" name="Suite" finished-at="2025-06-19T17:07:14 IST" duration-ms="241822">
    <groups>
      <group name="smoke">
        <method signature="OrgScenariosTest$OrganizationScenariosTest.CreateOrganization_IndustryAndType()[pri:0, instance:OrganizationModel.OrgScenariosTest$OrganizationScenariosTest@291b4bf5]" name="CreateOrganization_IndustryAndType" class="OrganizationModel.OrgScenariosTest$OrganizationScenariosTest"/>
        <method signature="OrgScenariosTest$OrganizationScenariosTest.createOrganizationWithPhoneNumber()[pri:0, instance:OrganizationModel.OrgScenariosTest$OrganizationScenariosTest@291b4bf5]" name="createOrganizationWithPhoneNumber" class="OrganizationModel.OrgScenariosTest$OrganizationScenariosTest"/>
      </group> <!-- smoke -->
    </groups>
    <test started-at="2025-06-19T17:03:12 IST" name="Test" finished-at="2025-06-19T17:07:14 IST" duration-ms="241822">
      <class name="OrganizationModel.OrgScenariosTest$OrganizationScenariosTest">
        <test-method is-config="true" signature="connectionWithDB()[pri:0, instance:OrganizationModel.OrgScenariosTest$OrganizationScenariosTest@291b4bf5]" started-at="2025-06-19T17:03:12 IST" name="connectionWithDB" finished-at="2025-06-19T17:03:12 IST" duration-ms="55" status="PASS">
          <reporter-output>
            <line>
              <![CDATA[Connected with the database]]>
            </line>
          </reporter-output>
        </test-method> <!-- connectionWithDB -->
        <test-method is-config="true" signature="configParallelExe()[pri:0, instance:OrganizationModel.OrgScenariosTest$OrganizationScenariosTest@291b4bf5]" started-at="2025-06-19T17:03:12 IST" name="configParallelExe" finished-at="2025-06-19T17:03:12 IST" duration-ms="2" status="PASS">
          <reporter-output>
            <line>
              <![CDATA[Configure Parallel Exe]]>
            </line>
          </reporter-output>
        </test-method> <!-- configParallelExe -->
        <test-method is-config="true" signature="LaunchTheBrowser()[pri:0, instance:OrganizationModel.OrgScenariosTest$OrganizationScenariosTest@291b4bf5]" started-at="2025-06-19T17:03:12 IST" name="LaunchTheBrowser" finished-at="2025-06-19T17:03:18 IST" duration-ms="5272" status="PASS">
          <reporter-output>
            <line>
              <![CDATA[Launch the browser]]>
            </line>
          </reporter-output>
        </test-method> <!-- LaunchTheBrowser -->
        <test-method is-config="true" signature="login()[pri:0, instance:OrganizationModel.OrgScenariosTest$OrganizationScenariosTest@291b4bf5]" started-at="2025-06-19T17:03:18 IST" name="login" finished-at="2025-06-19T17:03:19 IST" duration-ms="1585" status="PASS">
          <reporter-output>
            <line>
              <![CDATA[Navigated and logged in]]>
            </line>
          </reporter-output>
        </test-method> <!-- login -->
        <test-method signature="CreateOrganization_IndustryAndType()[pri:0, instance:OrganizationModel.OrgScenariosTest$OrganizationScenariosTest@291b4bf5]" started-at="2025-06-19T17:03:19 IST" name="CreateOrganization_IndustryAndType" finished-at="2025-06-19T17:03:50 IST" duration-ms="30398" status="PASS">
          <reporter-output>
          </reporter-output>
        </test-method> <!-- CreateOrganization_IndustryAndType -->
        <test-method is-config="true" signature="logout()[pri:0, instance:OrganizationModel.OrgScenariosTest$OrganizationScenariosTest@291b4bf5]" started-at="2025-06-19T17:03:50 IST" name="logout" finished-at="2025-06-19T17:03:58 IST" duration-ms="7879" status="PASS">
          <reporter-output>
            <line>
              <![CDATA[logout]]>
            </line>
          </reporter-output>
        </test-method> <!-- logout -->
        <test-method is-config="true" signature="login()[pri:0, instance:OrganizationModel.OrgScenariosTest$OrganizationScenariosTest@291b4bf5]" started-at="2025-06-19T17:03:58 IST" name="login" finished-at="2025-06-19T17:04:04 IST" duration-ms="5960" status="PASS">
          <reporter-output>
            <line>
              <![CDATA[Navigated and logged in]]>
            </line>
          </reporter-output>
        </test-method> <!-- login -->
        <test-method signature="createOrg()[pri:0, instance:OrganizationModel.OrgScenariosTest$OrganizationScenariosTest@291b4bf5]" started-at="2025-06-19T17:04:04 IST" name="createOrg" finished-at="2025-06-19T17:04:28 IST" duration-ms="24810" status="PASS">
          <reporter-output>
          </reporter-output>
        </test-method> <!-- createOrg -->
        <test-method is-config="true" signature="logout()[pri:0, instance:OrganizationModel.OrgScenariosTest$OrganizationScenariosTest@291b4bf5]" started-at="2025-06-19T17:04:28 IST" name="logout" finished-at="2025-06-19T17:04:34 IST" duration-ms="5405" status="PASS">
          <reporter-output>
            <line>
              <![CDATA[logout]]>
            </line>
          </reporter-output>
        </test-method> <!-- logout -->
        <test-method is-config="true" signature="login()[pri:0, instance:OrganizationModel.OrgScenariosTest$OrganizationScenariosTest@291b4bf5]" started-at="2025-06-19T17:04:34 IST" name="login" finished-at="2025-06-19T17:04:38 IST" duration-ms="4082" status="PASS">
          <reporter-output>
            <line>
              <![CDATA[Navigated and logged in]]>
            </line>
          </reporter-output>
        </test-method> <!-- login -->
        <test-method signature="createOrganizationWithPhoneNumber()[pri:0, instance:OrganizationModel.OrgScenariosTest$OrganizationScenariosTest@291b4bf5]" started-at="2025-06-19T17:04:38 IST" name="createOrganizationWithPhoneNumber" finished-at="2025-06-19T17:04:58 IST" duration-ms="20506" status="PASS">
          <reporter-output>
          </reporter-output>
        </test-method> <!-- createOrganizationWithPhoneNumber -->
        <test-method is-config="true" signature="logout()[pri:0, instance:OrganizationModel.OrgScenariosTest$OrganizationScenariosTest@291b4bf5]" started-at="2025-06-19T17:04:58 IST" name="logout" finished-at="2025-06-19T17:05:04 IST" duration-ms="5332" status="PASS">
          <reporter-output>
            <line>
              <![CDATA[logout]]>
            </line>
          </reporter-output>
        </test-method> <!-- logout -->
        <test-method is-config="true" signature="closeTheBrowser()[pri:0, instance:OrganizationModel.OrgScenariosTest$OrganizationScenariosTest@291b4bf5]" started-at="2025-06-19T17:05:04 IST" name="closeTheBrowser" finished-at="2025-06-19T17:05:04 IST" duration-ms="539" status="PASS">
          <reporter-output>
            <line>
              <![CDATA[Close the browser]]>
            </line>
          </reporter-output>
        </test-method> <!-- closeTheBrowser -->
        <test-method is-config="true" signature="closeParallelExe()[pri:0, instance:OrganizationModel.OrgScenariosTest$OrganizationScenariosTest@291b4bf5]" started-at="2025-06-19T17:07:14 IST" name="closeParallelExe" finished-at="2025-06-19T17:07:14 IST" duration-ms="1" status="PASS">
          <reporter-output>
            <line>
              <![CDATA[Close the parallel Exe]]>
            </line>
          </reporter-output>
        </test-method> <!-- closeParallelExe -->
        <test-method is-config="true" signature="closetheConnWithDB()[pri:0, instance:OrganizationModel.OrgScenariosTest$OrganizationScenariosTest@291b4bf5]" started-at="2025-06-19T17:07:14 IST" name="closetheConnWithDB" finished-at="2025-06-19T17:07:14 IST" duration-ms="0" status="PASS">
          <reporter-output>
            <line>
              <![CDATA[Disconnected with the Database]]>
            </line>
          </reporter-output>
        </test-method> <!-- closetheConnWithDB -->
      </class> <!-- OrganizationModel.OrgScenariosTest$OrganizationScenariosTest -->
      <class name="ContactsModels.ContactScenariosTest">
        <test-method is-config="true" signature="LaunchTheBrowser()[pri:0, instance:ContactsModels.ContactScenariosTest@117e949d]" started-at="2025-06-19T17:05:04 IST" name="LaunchTheBrowser" finished-at="2025-06-19T17:05:08 IST" duration-ms="3972" status="PASS">
          <reporter-output>
            <line>
              <![CDATA[Launch the browser]]>
            </line>
          </reporter-output>
        </test-method> <!-- LaunchTheBrowser -->
        <test-method is-config="true" signature="login()[pri:0, instance:ContactsModels.ContactScenariosTest@117e949d]" started-at="2025-06-19T17:05:08 IST" name="login" finished-at="2025-06-19T17:05:10 IST" duration-ms="1514" status="PASS">
          <reporter-output>
            <line>
              <![CDATA[Navigated and logged in]]>
            </line>
          </reporter-output>
        </test-method> <!-- login -->
        <test-method signature="CreateContact_WithOrganization()[pri:0, instance:ContactsModels.ContactScenariosTest@117e949d]" started-at="2025-06-19T17:05:10 IST" name="CreateContact_WithOrganization" finished-at="2025-06-19T17:06:07 IST" duration-ms="57224" status="PASS">
          <reporter-output>
          </reporter-output>
        </test-method> <!-- CreateContact_WithOrganization -->
        <test-method is-config="true" signature="logout()[pri:0, instance:ContactsModels.ContactScenariosTest@117e949d]" started-at="2025-06-19T17:06:07 IST" name="logout" finished-at="2025-06-19T17:06:12 IST" duration-ms="5062" status="PASS">
          <reporter-output>
            <line>
              <![CDATA[logout]]>
            </line>
          </reporter-output>
        </test-method> <!-- logout -->
        <test-method is-config="true" signature="login()[pri:0, instance:ContactsModels.ContactScenariosTest@117e949d]" started-at="2025-06-19T17:06:12 IST" name="login" finished-at="2025-06-19T17:06:16 IST" duration-ms="4248" status="PASS">
          <reporter-output>
            <line>
              <![CDATA[Navigated and logged in]]>
            </line>
          </reporter-output>
        </test-method> <!-- login -->
        <test-method signature="createContWithDate()[pri:0, instance:ContactsModels.ContactScenariosTest@117e949d]" started-at="2025-06-19T17:06:16 IST" name="createContWithDate" finished-at="2025-06-19T17:06:37 IST" duration-ms="20236" status="PASS">
          <reporter-output>
          </reporter-output>
        </test-method> <!-- createContWithDate -->
        <test-method is-config="true" signature="logout()[pri:0, instance:ContactsModels.ContactScenariosTest@117e949d]" started-at="2025-06-19T17:06:37 IST" name="logout" finished-at="2025-06-19T17:06:42 IST" duration-ms="5271" status="PASS">
          <reporter-output>
            <line>
              <![CDATA[logout]]>
            </line>
          </reporter-output>
        </test-method> <!-- logout -->
        <test-method is-config="true" signature="login()[pri:0, instance:ContactsModels.ContactScenariosTest@117e949d]" started-at="2025-06-19T17:06:42 IST" name="login" finished-at="2025-06-19T17:06:46 IST" duration-ms="3730" status="PASS">
          <reporter-output>
            <line>
              <![CDATA[Navigated and logged in]]>
            </line>
          </reporter-output>
        </test-method> <!-- login -->
        <test-method signature="create_ContTest()[pri:0, instance:ContactsModels.ContactScenariosTest@117e949d]" started-at="2025-06-19T17:06:46 IST" name="create_ContTest" finished-at="2025-06-19T17:07:07 IST" duration-ms="21243" status="PASS">
          <reporter-output>
          </reporter-output>
        </test-method> <!-- create_ContTest -->
        <test-method is-config="true" signature="logout()[pri:0, instance:ContactsModels.ContactScenariosTest@117e949d]" started-at="2025-06-19T17:07:07 IST" name="logout" finished-at="2025-06-19T17:07:14 IST" duration-ms="6695" status="PASS">
          <reporter-output>
            <line>
              <![CDATA[logout]]>
            </line>
          </reporter-output>
        </test-method> <!-- logout -->
        <test-method is-config="true" signature="closeTheBrowser()[pri:0, instance:ContactsModels.ContactScenariosTest@117e949d]" started-at="2025-06-19T17:07:14 IST" name="closeTheBrowser" finished-at="2025-06-19T17:07:14 IST" duration-ms="608" status="PASS">
          <reporter-output>
            <line>
              <![CDATA[Close the browser]]>
            </line>
          </reporter-output>
        </test-method> <!-- closeTheBrowser -->
      </class> <!-- ContactsModels.ContactScenariosTest -->
    </test> <!-- Test -->
  </suite> <!-- Suite -->
</testng-results>
